TN:
SF:src\facade\User\facade.ts
FN:15,(anonymous_7)
FN:25,(anonymous_9)
FNF:2
FNH:2
FNDA:1,(anonymous_7)
FNDA:2,(anonymous_9)
DA:1,1
DA:10,1
DA:17,1
DA:18,1
DA:26,2
DA:27,2
DA:28,2
DA:32,1
LF:8
LH:8
BRF:0
BRH:0
end_of_record
TN:
SF:src\services\index.ts
FNF:0
FNH:0
DA:1,1
DA:4,1
LF:2
LH:2
BRF:0
BRH:0
end_of_record
TN:
SF:src\services\User\index.ts
FN:9,findAll
FN:18,ifExistsUser
FN:26,create
FNF:3
FNH:3
FNDA:2,findAll
FNDA:2,ifExistsUser
FNDA:2,create
DA:3,1
DA:9,1
DA:10,2
DA:18,1
DA:19,2
DA:26,1
DA:27,2
LF:7
LH:7
BRF:0
BRH:0
end_of_record
TN:
SF:src\services\User\service.ts
FN:17,(anonymous_8)
FN:27,(anonymous_10)
FN:43,(anonymous_12)
FNF:3
FNH:3
FNDA:2,(anonymous_8)
FNDA:2,(anonymous_10)
FNDA:2,(anonymous_12)
DA:2,1
DA:6,1
DA:12,1
DA:20,2
DA:30,2
DA:34,2
DA:35,0
DA:44,2
DA:45,2
DA:49,1
LF:10
LH:9
BRDA:34,0,0,0
BRDA:34,0,1,2
BRF:2
BRH:1
end_of_record
